This file contains any messages produced by compilers while
running configure, to aid debugging if configure makes a mistake.

It was created by ssdeep configure 2.14.1, which was
generated by GNU Autoconf 2.69.  Invocation command line was

  $ ./configure 

## --------- ##
## Platform. ##
## --------- ##

hostname = roci.local
uname -m = x86_64
uname -r = 19.4.0
uname -s = Darwin
uname -v = Darwin Kernel Version 19.4.0: Tue Feb 25 22:28:31 PST 2020; root:xnu-6153.101.5~8/RELEASE_X86_64

/usr/bin/uname -p = i386
/bin/uname -X     = unknown

/bin/arch              = unknown
/usr/bin/arch -k       = unknown
/usr/convex/getsysinfo = unknown
/usr/bin/hostinfo      = Mach kernel version:
	 Darwin Kernel Version 19.4.0: Tue Feb 25 22:28:31 PST 2020; root:xnu-6153.101.5~8/RELEASE_X86_64
Kernel configured for up to 8 processors.
4 processors are physically available.
8 processors are logically available.
Processor type: x86_64h (Intel x86-64h Haswell)
Processors active: 0 1 2 3 4 5 6 7
Primary memory available: 8.00 gigabytes
Default processor set: 392 tasks, 1990 threads, 8 processors
Load average: 1.86, Mach factor: 6.13
/bin/machine           = unknown
/usr/bin/oslevel       = unknown
/bin/universe          = unknown

PATH: /usr/bin
PATH: /bin
PATH: /usr/sbin
PATH: /sbin
PATH: /usr/local/bin
PATH: /Library/TeX/texbin
PATH: /usr/local/go/bin
PATH: /usr/local/MacGPG2/bin
PATH: /opt/X11/bin
PATH: /Applications/RStudio.app/Contents/MacOS/postback


## ----------- ##
## Core tests. ##
## ----------- ##

configure:2406: checking for a BSD-compatible install
configure:2474: result: /usr/bin/install -c
configure:2485: checking whether build environment is sane
configure:2540: result: yes
configure:2691: checking for a thread-safe mkdir -p
configure:2730: result: ./install-sh -c -d
configure:2737: checking for gawk
configure:2767: result: no
configure:2737: checking for mawk
configure:2767: result: no
configure:2737: checking for nawk
configure:2767: result: no
configure:2737: checking for awk
configure:2753: found /usr/bin/awk
configure:2764: result: awk
configure:2775: checking whether make -j8 sets $(MAKE)
configure:2797: result: yes
configure:2826: checking whether make -j8 supports nested variables
configure:2843: result: yes
configure:2979: checking build system type
configure:2993: result: x86_64-apple-darwin19.4.0
configure:3013: checking host system type
configure:3026: result: x86_64-apple-darwin19.4.0
configure:3095: checking for gcc
configure:3111: found /usr/bin/gcc
configure:3122: result: gcc
configure:3351: checking for C compiler version
configure:3360: gcc --version >&5
Apple clang version 11.0.3 (clang-1103.0.30.11)
Target: x86_64-apple-darwin19.4.0
Thread model: posix
InstalledDir: /Applications/Xcode.app/Contents/Developer/Toolchains/XcodeDefault.xctoolchain/usr/bin
Configured with: --prefix=/Applications/Xcode.app/Contents/Developer/usr --with-gxx-include-dir=/Applications/Xcode.app/Contents/Developer/Platforms/MacOSX.platform/Developer/SDKs/MacOSX.sdk/usr/include/c++/4.2.1
configure:3371: $? = 0
configure:3360: gcc -v >&5
Configured with: --prefix=/Applications/Xcode.app/Contents/Developer/usr --with-gxx-include-dir=/Applications/Xcode.app/Contents/Developer/Platforms/MacOSX.platform/Developer/SDKs/MacOSX.sdk/usr/include/c++/4.2.1
Apple clang version 11.0.3 (clang-1103.0.30.11)
Target: x86_64-apple-darwin19.4.0
Thread model: posix
InstalledDir: /Applications/Xcode.app/Contents/Developer/Toolchains/XcodeDefault.xctoolchain/usr/bin
configure:3371: $? = 0
configure:3360: gcc -V >&5
clang: error: unsupported option '-V -Wno-objc-signed-char-bool-implicit-int-conversion'
clang: error: no input files
configure:3371: $? = 1
configure:3360: gcc -qversion >&5
clang: error: unknown argument '-qversion'; did you mean '--version'?
clang: error: no input files
configure:3371: $? = 1
configure:3391: checking whether the C compiler works
configure:3413: gcc    conftest.c  >&5
configure:3417: $? = 0
configure:3465: result: yes
configure:3468: checking for C compiler default output file name
configure:3470: result: a.out
configure:3476: checking for suffix of executables
configure:3483: gcc -o conftest    conftest.c  >&5
configure:3487: $? = 0
configure:3509: result: 
configure:3531: checking whether we are cross compiling
configure:3539: gcc -o conftest    conftest.c  >&5
configure:3543: $? = 0
configure:3550: ./conftest
configure:3554: $? = 0
configure:3569: result: no
configure:3574: checking for suffix of object files
configure:3596: gcc -c   conftest.c >&5
configure:3600: $? = 0
configure:3621: result: o
configure:3625: checking whether we are using the GNU C compiler
configure:3644: gcc -c   conftest.c >&5
configure:3644: $? = 0
configure:3653: result: yes
configure:3662: checking whether gcc accepts -g
configure:3682: gcc -c -g  conftest.c >&5
configure:3682: $? = 0
configure:3723: result: yes
configure:3740: checking for gcc option to accept ISO C89
configure:3803: gcc  -c -g -O2  conftest.c >&5
configure:3803: $? = 0
configure:3816: result: none needed
configure:3841: checking whether gcc understands -c and -o together
configure:3863: gcc -c conftest.c -o conftest2.o
configure:3866: $? = 0
configure:3863: gcc -c conftest.c -o conftest2.o
configure:3866: $? = 0
configure:3878: result: yes
configure:3898: checking whether make -j8 supports the include directive
configure:3913: make -j8 -f confmf.GNU && cat confinc.out
this is the am__doit target
configure:3916: $? = 0
configure:3935: result: yes (GNU style)
configure:3960: checking dependency style of gcc
configure:4071: result: gcc3
configure:4144: checking for g++
configure:4160: found /usr/bin/g++
configure:4171: result: g++
configure:4198: checking for C++ compiler version
configure:4207: g++ --version >&5
Apple clang version 11.0.3 (clang-1103.0.30.11)
Target: x86_64-apple-darwin19.4.0
Thread model: posix
InstalledDir: /Applications/Xcode.app/Contents/Developer/Toolchains/XcodeDefault.xctoolchain/usr/bin
Configured with: --prefix=/Applications/Xcode.app/Contents/Developer/usr --with-gxx-include-dir=/Applications/Xcode.app/Contents/Developer/Platforms/MacOSX.platform/Developer/SDKs/MacOSX.sdk/usr/include/c++/4.2.1
configure:4218: $? = 0
configure:4207: g++ -v >&5
Configured with: --prefix=/Applications/Xcode.app/Contents/Developer/usr --with-gxx-include-dir=/Applications/Xcode.app/Contents/Developer/Platforms/MacOSX.platform/Developer/SDKs/MacOSX.sdk/usr/include/c++/4.2.1
Apple clang version 11.0.3 (clang-1103.0.30.11)
Target: x86_64-apple-darwin19.4.0
Thread model: posix
InstalledDir: /Applications/Xcode.app/Contents/Developer/Toolchains/XcodeDefault.xctoolchain/usr/bin
configure:4218: $? = 0
configure:4207: g++ -V >&5
clang: error: unsupported option '-V -Wno-objc-signed-char-bool-implicit-int-conversion'
clang: error: no input files
configure:4218: $? = 1
configure:4207: g++ -qversion >&5
clang: error: unknown argument '-qversion'; did you mean '--version'?
clang: error: no input files
configure:4218: $? = 1
configure:4222: checking whether we are using the GNU C++ compiler
configure:4241: g++ -c   conftest.cpp >&5
configure:4241: $? = 0
configure:4250: result: yes
configure:4259: checking whether g++ accepts -g
configure:4279: g++ -c -g  conftest.cpp >&5
configure:4279: $? = 0
configure:4320: result: yes
configure:4345: checking dependency style of g++
configure:4456: result: gcc3
configure:4820: checking how to print strings
configure:4847: result: printf
configure:4868: checking for a sed that does not truncate output
configure:4932: result: /usr/bin/sed
configure:4950: checking for grep that handles long lines and -e
configure:5008: result: /usr/bin/grep
configure:5013: checking for egrep
configure:5075: result: /usr/bin/grep -E
configure:5080: checking for fgrep
configure:5142: result: /usr/bin/grep -F
configure:5177: checking for ld used by gcc
configure:5244: result: /Applications/Xcode.app/Contents/Developer/Toolchains/XcodeDefault.xctoolchain/usr/bin/ld
configure:5251: checking if the linker (/Applications/Xcode.app/Contents/Developer/Toolchains/XcodeDefault.xctoolchain/usr/bin/ld) is GNU ld
configure:5266: result: no
configure:5278: checking for BSD- or MS-compatible name lister (nm)
configure:5332: result: /usr/bin/nm -B
configure:5462: checking the name lister (/usr/bin/nm -B) interface
configure:5469: gcc -c -g -O2  conftest.c >&5
configure:5472: /usr/bin/nm -B "conftest.o"
configure:5475: output
00000000000001e8 S _some_variable
configure:5482: result: BSD nm
configure:5485: checking whether ln -s works
configure:5489: result: yes
configure:5497: checking the maximum length of command line arguments
configure:5628: result: 196608
configure:5676: checking how to convert x86_64-apple-darwin19.4.0 file names to x86_64-apple-darwin19.4.0 format
configure:5716: result: func_convert_file_noop
configure:5723: checking how to convert x86_64-apple-darwin19.4.0 file names to toolchain format
configure:5743: result: func_convert_file_noop
configure:5750: checking for /Applications/Xcode.app/Contents/Developer/Toolchains/XcodeDefault.xctoolchain/usr/bin/ld option to reload object files
configure:5757: result: -r
configure:5831: checking for objdump
configure:5858: result: objdump
configure:5887: checking how to recognize dependent libraries
configure:6087: result: pass_all
configure:6172: checking for dlltool
configure:6199: result: dlltool
configure:6229: checking how to associate runtime and link libraries
configure:6256: result: printf %s\n
configure:6317: checking for ar
configure:6333: found /usr/bin/ar
configure:6344: result: ar
configure:6381: checking for archiver @FILE support
configure:6398: gcc -c -g -O2  conftest.c >&5
configure:6398: $? = 0
configure:6401: ar cru libconftest.a @conftest.lst >&5
ar: @conftest.lst: No such file or directory
configure:6404: $? = 1
configure:6424: result: no
configure:6482: checking for strip
configure:6498: found /usr/bin/strip
configure:6509: result: strip
configure:6581: checking for ranlib
configure:6597: found /usr/bin/ranlib
configure:6608: result: ranlib
configure:6710: checking command to parse /usr/bin/nm -B output from gcc object
configure:6863: gcc -c -g -O2  conftest.c >&5
configure:6866: $? = 0
configure:6870: /usr/bin/nm -B conftest.o \| sed -n -e 's/^.*[ ]\([BCDEGRST][BCDEGRST]*\)[ ][ ]*\([_A-Za-z][_A-Za-z0-9]*\)$/\1 \2 \2/p' | sed '/ __gnu_lto/d' \> conftest.nm
configure:6873: $? = 0
cannot find nm_test_var in conftest.nm
configure:6863: gcc -c -g -O2  conftest.c >&5
configure:6866: $? = 0
configure:6870: /usr/bin/nm -B conftest.o \| sed -n -e 's/^.*[ ]\([BCDEGRST][BCDEGRST]*\)[ ][ ]*_\([_A-Za-z][_A-Za-z0-9]*\)$/\1 _\2 \2/p' | sed '/ __gnu_lto/d' \> conftest.nm
configure:6873: $? = 0
configure:6939: gcc -o conftest -g -O2   conftest.c conftstm.o >&5
warning: (x86_64)  could not find object file symbol for symbol _main
configure:6942: $? = 0
configure:6980: result: ok
configure:7027: checking for sysroot
configure:7057: result: no
configure:7064: checking for a working dd
configure:7102: result: /bin/dd
configure:7106: checking how to truncate binary pipes
configure:7121: result: /bin/dd bs=4096 count=1
configure:7450: checking for mt
configure:7480: result: no
configure:7500: checking if : is a manifest tool
configure:7506: : '-?'
configure:7514: result: no
configure:7570: checking for dsymutil
configure:7586: found /usr/bin/dsymutil
configure:7597: result: dsymutil
configure:7662: checking for nmedit
configure:7678: found /usr/bin/nmedit
configure:7689: result: nmedit
configure:7754: checking for lipo
configure:7770: found /usr/bin/lipo
configure:7781: result: lipo
configure:7846: checking for otool
configure:7862: found /usr/bin/otool
configure:7873: result: otool
configure:7938: checking for otool64
configure:7968: result: no
configure:8013: checking for -single_module linker flag
gcc -g -O2  -o libconftest.dylib -dynamiclib -Wl,-single_module conftest.c
configure:8046: result: yes
configure:8049: checking for -exported_symbols_list linker flag
configure:8069: gcc -o conftest -g -O2   -Wl,-exported_symbols_list,conftest.sym conftest.c  >&5
configure:8069: $? = 0
configure:8079: result: yes
configure:8082: checking for -force_load linker flag
gcc -g -O2 -c -o conftest.o conftest.c
ar cru libconftest.a conftest.o
ranlib libconftest.a
gcc -g -O2  -o conftest conftest.c -Wl,-force_load,./libconftest.a
configure:8114: result: yes
configure:8191: checking how to run the C preprocessor
configure:8222: gcc -E  conftest.c
configure:8222: $? = 0
configure:8236: gcc -E  conftest.c
conftest.c:11:10: fatal error: 'ac_nonexistent.h' file not found
#include <ac_nonexistent.h>
         ^~~~~~~~~~~~~~~~~~
1 error generated.
configure:8236: $? = 1
configure: failed program was:
| /* confdefs.h */
| #define PACKAGE_NAME "ssdeep"
| #define PACKAGE_TARNAME "ssdeep"
| #define PACKAGE_VERSION "2.14.1"
| #define PACKAGE_STRING "ssdeep 2.14.1"
| #define PACKAGE_BUGREPORT "floss_ssdeep@irq.a4lg.com"
| #define PACKAGE_URL ""
| #define PACKAGE "ssdeep"
| #define VERSION "2.14.1"
| /* end confdefs.h.  */
| #include <ac_nonexistent.h>
configure:8261: result: gcc -E
configure:8281: gcc -E  conftest.c
configure:8281: $? = 0
configure:8295: gcc -E  conftest.c
conftest.c:11:10: fatal error: 'ac_nonexistent.h' file not found
#include <ac_nonexistent.h>
         ^~~~~~~~~~~~~~~~~~
1 error generated.
configure:8295: $? = 1
configure: failed program was:
| /* confdefs.h */
| #define PACKAGE_NAME "ssdeep"
| #define PACKAGE_TARNAME "ssdeep"
| #define PACKAGE_VERSION "2.14.1"
| #define PACKAGE_STRING "ssdeep 2.14.1"
| #define PACKAGE_BUGREPORT "floss_ssdeep@irq.a4lg.com"
| #define PACKAGE_URL ""
| #define PACKAGE "ssdeep"
| #define VERSION "2.14.1"
| /* end confdefs.h.  */
| #include <ac_nonexistent.h>
configure:8324: checking for ANSI C header files
configure:8344: gcc -c -g -O2  conftest.c >&5
configure:8344: $? = 0
configure:8417: gcc -o conftest -g -O2   conftest.c  >&5
configure:8417: $? = 0
configure:8417: ./conftest
configure:8417: $? = 0
configure:8428: result: yes
configure:8441: checking for sys/types.h
configure:8441: gcc -c -g -O2  conftest.c >&5
configure:8441: $? = 0
configure:8441: result: yes
configure:8441: checking for sys/stat.h
configure:8441: gcc -c -g -O2  conftest.c >&5
configure:8441: $? = 0
configure:8441: result: yes
configure:8441: checking for stdlib.h
configure:8441: gcc -c -g -O2  conftest.c >&5
configure:8441: $? = 0
configure:8441: result: yes
configure:8441: checking for string.h
configure:8441: gcc -c -g -O2  conftest.c >&5
configure:8441: $? = 0
configure:8441: result: yes
configure:8441: checking for memory.h
configure:8441: gcc -c -g -O2  conftest.c >&5
configure:8441: $? = 0
configure:8441: result: yes
configure:8441: checking for strings.h
configure:8441: gcc -c -g -O2  conftest.c >&5
configure:8441: $? = 0
configure:8441: result: yes
configure:8441: checking for inttypes.h
configure:8441: gcc -c -g -O2  conftest.c >&5
configure:8441: $? = 0
configure:8441: result: yes
configure:8441: checking for stdint.h
configure:8441: gcc -c -g -O2  conftest.c >&5
configure:8441: $? = 0
configure:8441: result: yes
configure:8441: checking for unistd.h
configure:8441: gcc -c -g -O2  conftest.c >&5
configure:8441: $? = 0
configure:8441: result: yes
configure:8455: checking for dlfcn.h
configure:8455: gcc -c -g -O2  conftest.c >&5
configure:8455: $? = 0
configure:8455: result: yes
configure:8720: checking for objdir
configure:8735: result: .libs
configure:8999: checking if gcc supports -fno-rtti -fno-exceptions
configure:9017: gcc -c -g -O2  -fno-rtti -fno-exceptions conftest.c >&5
configure:9021: $? = 0
configure:9034: result: yes
configure:9392: checking for gcc option to produce PIC
configure:9399: result: -fno-common -DPIC
configure:9407: checking if gcc PIC flag -fno-common -DPIC works
configure:9425: gcc -c -g -O2  -fno-common -DPIC -DPIC conftest.c >&5
configure:9429: $? = 0
configure:9442: result: yes
configure:9471: checking if gcc static flag -static works
configure:9499: result: no
configure:9514: checking if gcc supports -c -o file.o
configure:9535: gcc -c -g -O2  -o out/conftest2.o conftest.c >&5
configure:9539: $? = 0
configure:9561: result: yes
configure:9569: checking if gcc supports -c -o file.o
configure:9616: result: yes
configure:9649: checking whether the gcc linker (/Applications/Xcode.app/Contents/Developer/Toolchains/XcodeDefault.xctoolchain/usr/bin/ld) supports shared libraries
configure:10908: result: yes
configure:11148: checking dynamic linker characteristics
configure:11966: result: darwin19.4.0 dyld
configure:12088: checking how to hardcode library paths into programs
configure:12113: result: immediate
configure:12661: checking whether stripping libraries is possible
configure:12675: result: yes
configure:12701: checking if libtool supports shared libraries
configure:12703: result: yes
configure:12706: checking whether to build shared libraries
configure:12731: result: yes
configure:12734: checking whether to build static libraries
configure:12738: result: yes
configure:12761: checking how to run the C++ preprocessor
configure:12788: g++ -E  conftest.cpp
configure:12788: $? = 0
configure:12802: g++ -E  conftest.cpp
conftest.cpp:23:10: fatal error: 'ac_nonexistent.h' file not found
#include <ac_nonexistent.h>
         ^~~~~~~~~~~~~~~~~~
1 error generated.
configure:12802: $? = 1
configure: failed program was:
| /* confdefs.h */
| #define PACKAGE_NAME "ssdeep"
| #define PACKAGE_TARNAME "ssdeep"
| #define PACKAGE_VERSION "2.14.1"
| #define PACKAGE_STRING "ssdeep 2.14.1"
| #define PACKAGE_BUGREPORT "floss_ssdeep@irq.a4lg.com"
| #define PACKAGE_URL ""
| #define PACKAGE "ssdeep"
| #define VERSION "2.14.1"
| #define STDC_HEADERS 1
| #define HAVE_SYS_TYPES_H 1
| #define HAVE_SYS_STAT_H 1
| #define HAVE_STDLIB_H 1
| #define HAVE_STRING_H 1
| #define HAVE_MEMORY_H 1
| #define HAVE_STRINGS_H 1
| #define HAVE_INTTYPES_H 1
| #define HAVE_STDINT_H 1
| #define HAVE_UNISTD_H 1
| #define HAVE_DLFCN_H 1
| #define LT_OBJDIR ".libs/"
| /* end confdefs.h.  */
| #include <ac_nonexistent.h>
configure:12827: result: g++ -E
configure:12847: g++ -E  conftest.cpp
configure:12847: $? = 0
configure:12861: g++ -E  conftest.cpp
conftest.cpp:23:10: fatal error: 'ac_nonexistent.h' file not found
#include <ac_nonexistent.h>
         ^~~~~~~~~~~~~~~~~~
1 error generated.
configure:12861: $? = 1
configure: failed program was:
| /* confdefs.h */
| #define PACKAGE_NAME "ssdeep"
| #define PACKAGE_TARNAME "ssdeep"
| #define PACKAGE_VERSION "2.14.1"
| #define PACKAGE_STRING "ssdeep 2.14.1"
| #define PACKAGE_BUGREPORT "floss_ssdeep@irq.a4lg.com"
| #define PACKAGE_URL ""
| #define PACKAGE "ssdeep"
| #define VERSION "2.14.1"
| #define STDC_HEADERS 1
| #define HAVE_SYS_TYPES_H 1
| #define HAVE_SYS_STAT_H 1
| #define HAVE_STDLIB_H 1
| #define HAVE_STRING_H 1
| #define HAVE_MEMORY_H 1
| #define HAVE_STRINGS_H 1
| #define HAVE_INTTYPES_H 1
| #define HAVE_STDINT_H 1
| #define HAVE_UNISTD_H 1
| #define HAVE_DLFCN_H 1
| #define LT_OBJDIR ".libs/"
| /* end confdefs.h.  */
| #include <ac_nonexistent.h>
configure:13023: checking for ld used by g++
configure:13090: result: /Applications/Xcode.app/Contents/Developer/Toolchains/XcodeDefault.xctoolchain/usr/bin/ld
configure:13097: checking if the linker (/Applications/Xcode.app/Contents/Developer/Toolchains/XcodeDefault.xctoolchain/usr/bin/ld) is GNU ld
configure:13112: result: no
configure:13167: checking whether the g++ linker (/Applications/Xcode.app/Contents/Developer/Toolchains/XcodeDefault.xctoolchain/usr/bin/ld) supports shared libraries
configure:14240: result: yes
configure:14276: g++ -c -g -O2  conftest.cpp >&5
configure:14279: $? = 0
configure:14760: checking for g++ option to produce PIC
configure:14767: result: -fno-common -DPIC
configure:14775: checking if g++ PIC flag -fno-common -DPIC works
configure:14793: g++ -c -g -O2  -fno-common -DPIC -DPIC conftest.cpp >&5
configure:14797: $? = 0
configure:14810: result: yes
configure:14833: checking if g++ static flag -static works
configure:14861: result: no
configure:14873: checking if g++ supports -c -o file.o
configure:14894: g++ -c -g -O2  -o out/conftest2.o conftest.cpp >&5
configure:14898: $? = 0
configure:14920: result: yes
configure:14925: checking if g++ supports -c -o file.o
configure:14972: result: yes
configure:15002: checking whether the g++ linker (/Applications/Xcode.app/Contents/Developer/Toolchains/XcodeDefault.xctoolchain/usr/bin/ld) supports shared libraries
configure:15042: result: yes
configure:15183: checking dynamic linker characteristics
configure:15928: result: darwin19.4.0 dyld
configure:15993: checking how to hardcode library paths into programs
configure:16018: result: immediate
configure:16120: checking for /usr/local/include
configure:16124: result: yes
configure:16132: checking for /usr/local/lib
configure:16136: result: yes
configure:16120: checking for /opt/local/include
configure:16127: result: no
configure:16132: checking for /opt/local/lib
configure:16139: result: no
configure:16120: checking for /sw/include
configure:16127: result: no
configure:16132: checking for /sw/lib
configure:16139: result: no
configure:16145: checking whether byte ordering is bigendian
configure:16160: gcc -c -g -O2 -I/usr/local/include  conftest.c >&5
configure:16160: $? = 0
configure:16205: gcc -c -g -O2 -I/usr/local/include  conftest.c >&5
configure:16205: $? = 0
configure:16223: gcc -c -g -O2 -I/usr/local/include  conftest.c >&5
conftest.c:30:4: error: use of undeclared identifier 'not'
                 not big endian
                 ^
1 error generated.
configure:16223: $? = 1
configure: failed program was:
| /* confdefs.h */
| #define PACKAGE_NAME "ssdeep"
| #define PACKAGE_TARNAME "ssdeep"
| #define PACKAGE_VERSION "2.14.1"
| #define PACKAGE_STRING "ssdeep 2.14.1"
| #define PACKAGE_BUGREPORT "floss_ssdeep@irq.a4lg.com"
| #define PACKAGE_URL ""
| #define PACKAGE "ssdeep"
| #define VERSION "2.14.1"
| #define STDC_HEADERS 1
| #define HAVE_SYS_TYPES_H 1
| #define HAVE_SYS_STAT_H 1
| #define HAVE_STDLIB_H 1
| #define HAVE_STRING_H 1
| #define HAVE_MEMORY_H 1
| #define HAVE_STRINGS_H 1
| #define HAVE_INTTYPES_H 1
| #define HAVE_STDINT_H 1
| #define HAVE_UNISTD_H 1
| #define HAVE_DLFCN_H 1
| #define LT_OBJDIR ".libs/"
| /* end confdefs.h.  */
| #include <sys/types.h>
| 		#include <sys/param.h>
| 
| int
| main ()
| {
| #if BYTE_ORDER != BIG_ENDIAN
| 		 not big endian
| 		#endif
| 
|   ;
|   return 0;
| }
configure:16351: result: no
configure:16376: checking for special C compiler options needed for large files
configure:16421: result: no
configure:16427: checking for _FILE_OFFSET_BITS value needed for large files
configure:16452: gcc -c -g -O2 -I/usr/local/include  conftest.c >&5
configure:16452: $? = 0
configure:16484: result: no
configure:16572: checking libgen.h usability
configure:16572: gcc -c -g -O2 -I/usr/local/include  conftest.c >&5
configure:16572: $? = 0
configure:16572: result: yes
configure:16572: checking libgen.h presence
configure:16572: gcc -E -I/usr/local/include  conftest.c
configure:16572: $? = 0
configure:16572: result: yes
configure:16572: checking for libgen.h
configure:16572: result: yes
configure:16584: checking dirent.h usability
configure:16584: gcc -c -g -O2 -I/usr/local/include  conftest.c >&5
configure:16584: $? = 0
configure:16584: result: yes
configure:16584: checking dirent.h presence
configure:16584: gcc -E -I/usr/local/include  conftest.c
configure:16584: $? = 0
configure:16584: result: yes
configure:16584: checking for dirent.h
configure:16584: result: yes
configure:16596: checking for inttypes.h
configure:16596: result: yes
configure:16610: checking fcntl.h usability
configure:16610: gcc -c -g -O2 -I/usr/local/include  conftest.c >&5
configure:16610: $? = 0
configure:16610: result: yes
configure:16610: checking fcntl.h presence
configure:16610: gcc -E -I/usr/local/include  conftest.c
configure:16610: $? = 0
configure:16610: result: yes
configure:16610: checking for fcntl.h
configure:16610: result: yes
configure:16610: checking for sys/types.h
configure:16610: result: yes
configure:16610: checking sys/ioctl.h usability
configure:16610: gcc -c -g -O2 -I/usr/local/include  conftest.c >&5
configure:16610: $? = 0
configure:16610: result: yes
configure:16610: checking sys/ioctl.h presence
configure:16610: gcc -E -I/usr/local/include  conftest.c
configure:16610: $? = 0
configure:16610: result: yes
configure:16610: checking for sys/ioctl.h
configure:16610: result: yes
configure:16610: checking sys/param.h usability
configure:16610: gcc -c -g -O2 -I/usr/local/include  conftest.c >&5
configure:16610: $? = 0
configure:16610: result: yes
configure:16610: checking sys/param.h presence
configure:16610: gcc -E -I/usr/local/include  conftest.c
configure:16610: $? = 0
configure:16610: result: yes
configure:16610: checking for sys/param.h
configure:16610: result: yes
configure:16610: checking wchar.h usability
configure:16610: gcc -c -g -O2 -I/usr/local/include  conftest.c >&5
configure:16610: $? = 0
configure:16610: result: yes
configure:16610: checking wchar.h presence
configure:16610: gcc -E -I/usr/local/include  conftest.c
configure:16610: $? = 0
configure:16610: result: yes
configure:16610: checking for wchar.h
configure:16610: result: yes
configure:16610: checking for unistd.h
configure:16610: result: yes
configure:16610: checking for sys/stat.h
configure:16610: result: yes
configure:16610: checking sys/disk.h usability
configure:16610: gcc -c -g -O2 -I/usr/local/include  conftest.c >&5
configure:16610: $? = 0
configure:16610: result: yes
configure:16610: checking sys/disk.h presence
configure:16610: gcc -E -I/usr/local/include  conftest.c
configure:16610: $? = 0
configure:16610: result: yes
configure:16610: checking for sys/disk.h
configure:16610: result: yes
configure:16621: checking for inttypes.h
configure:16621: result: yes
configure:16649: checking for sys/mount.h
configure:16649: gcc -c -g -O2 -I/usr/local/include  conftest.c >&5
configure:16649: $? = 0
configure:16649: result: yes
configure:16666: checking for _LARGEFILE_SOURCE value needed for large files
configure:16685: gcc -o conftest -g -O2 -I/usr/local/include  -L/usr/local/lib  conftest.c  >&5
configure:16685: $? = 0
configure:16713: result: no
configure:16843: checking that generated files are newer than configure
configure:16849: result: done
configure:16877: creating ./config.status

## ---------------------- ##
## Running config.status. ##
## ---------------------- ##

This file was extended by ssdeep config.status 2.14.1, which was
generated by GNU Autoconf 2.69.  Invocation command line was

  CONFIG_FILES    = 
  CONFIG_HEADERS  = 
  CONFIG_LINKS    = 
  CONFIG_COMMANDS = 
  $ ./config.status 

on roci.local

config.status:1158: creating Makefile
config.status:1158: creating config.h
config.status:1339: config.h is unchanged
config.status:1387: executing depfiles commands
config.status:1464: cd .       && sed -e '/# am--include-marker/d' Makefile         | make -j8 -f - am--depfiles
make[1]: Nothing to be done for `am--depfiles'.
config.status:1469: $? = 0
config.status:1387: executing libtool commands

## ---------------- ##
## Cache variables. ##
## ---------------- ##

ac_cv_build=x86_64-apple-darwin19.4.0
ac_cv_c_bigendian=no
ac_cv_c_compiler_gnu=yes
ac_cv_cxx_compiler_gnu=yes
ac_cv_env_CCC_set=
ac_cv_env_CCC_value=
ac_cv_env_CC_set=
ac_cv_env_CC_value=
ac_cv_env_CFLAGS_set=
ac_cv_env_CFLAGS_value=
ac_cv_env_CPPFLAGS_set=
ac_cv_env_CPPFLAGS_value=
ac_cv_env_CPP_set=
ac_cv_env_CPP_value=
ac_cv_env_CXXCPP_set=
ac_cv_env_CXXCPP_value=
ac_cv_env_CXXFLAGS_set=
ac_cv_env_CXXFLAGS_value=
ac_cv_env_CXX_set=
ac_cv_env_CXX_value=
ac_cv_env_LDFLAGS_set=
ac_cv_env_LDFLAGS_value=
ac_cv_env_LIBS_set=
ac_cv_env_LIBS_value=
ac_cv_env_LT_SYS_LIBRARY_PATH_set=
ac_cv_env_LT_SYS_LIBRARY_PATH_value=
ac_cv_env_build_alias_set=
ac_cv_env_build_alias_value=
ac_cv_env_host_alias_set=
ac_cv_env_host_alias_value=
ac_cv_env_target_alias_set=
ac_cv_env_target_alias_value=
ac_cv_header_dirent_h=yes
ac_cv_header_dlfcn_h=yes
ac_cv_header_fcntl_h=yes
ac_cv_header_inttypes_h=yes
ac_cv_header_libgen_h=yes
ac_cv_header_memory_h=yes
ac_cv_header_stdc=yes
ac_cv_header_stdint_h=yes
ac_cv_header_stdlib_h=yes
ac_cv_header_string_h=yes
ac_cv_header_strings_h=yes
ac_cv_header_sys_disk_h=yes
ac_cv_header_sys_ioctl_h=yes
ac_cv_header_sys_mount_h=yes
ac_cv_header_sys_param_h=yes
ac_cv_header_sys_stat_h=yes
ac_cv_header_sys_types_h=yes
ac_cv_header_unistd_h=yes
ac_cv_header_wchar_h=yes
ac_cv_host=x86_64-apple-darwin19.4.0
ac_cv_objext=o
ac_cv_path_EGREP='/usr/bin/grep -E'
ac_cv_path_FGREP='/usr/bin/grep -F'
ac_cv_path_GREP=/usr/bin/grep
ac_cv_path_SED=/usr/bin/sed
ac_cv_path_install='/usr/bin/install -c'
ac_cv_path_lt_DD=/bin/dd
ac_cv_prog_AWK=awk
ac_cv_prog_CPP='gcc -E'
ac_cv_prog_CXXCPP='g++ -E'
ac_cv_prog_ac_ct_AR=ar
ac_cv_prog_ac_ct_CC=gcc
ac_cv_prog_ac_ct_CXX=g++
ac_cv_prog_ac_ct_DLLTOOL=dlltool
ac_cv_prog_ac_ct_DSYMUTIL=dsymutil
ac_cv_prog_ac_ct_LIPO=lipo
ac_cv_prog_ac_ct_NMEDIT=nmedit
ac_cv_prog_ac_ct_OBJDUMP=objdump
ac_cv_prog_ac_ct_OTOOL=otool
ac_cv_prog_ac_ct_RANLIB=ranlib
ac_cv_prog_ac_ct_STRIP=strip
ac_cv_prog_cc_c89=
ac_cv_prog_cc_g=yes
ac_cv_prog_cxx_g=yes
ac_cv_prog_make_make_set=yes
ac_cv_sys_file_offset_bits=no
ac_cv_sys_largefile_CC=no
ac_cv_sys_largefile_source=no
am_cv_CC_dependencies_compiler_type=gcc3
am_cv_CXX_dependencies_compiler_type=gcc3
am_cv_make_support_nested_variables=yes
am_cv_prog_cc_c_o=yes
lt_cv_apple_cc_single_mod=yes
lt_cv_ar_at_file=no
lt_cv_deplibs_check_method=pass_all
lt_cv_file_magic_cmd='$MAGIC_CMD'
lt_cv_file_magic_test_file=
lt_cv_ld_exported_symbols_list=yes
lt_cv_ld_force_load=yes
lt_cv_ld_reload_flag=-r
lt_cv_nm_interface='BSD nm'
lt_cv_objdir=.libs
lt_cv_path_LD=/Applications/Xcode.app/Contents/Developer/Toolchains/XcodeDefault.xctoolchain/usr/bin/ld
lt_cv_path_LDCXX=/Applications/Xcode.app/Contents/Developer/Toolchains/XcodeDefault.xctoolchain/usr/bin/ld
lt_cv_path_NM='/usr/bin/nm -B'
lt_cv_path_mainfest_tool=no
lt_cv_prog_compiler_c_o=yes
lt_cv_prog_compiler_c_o_CXX=yes
lt_cv_prog_compiler_pic='-fno-common -DPIC'
lt_cv_prog_compiler_pic_CXX='-fno-common -DPIC'
lt_cv_prog_compiler_pic_works=yes
lt_cv_prog_compiler_pic_works_CXX=yes
lt_cv_prog_compiler_rtti_exceptions=yes
lt_cv_prog_compiler_static_works=no
lt_cv_prog_compiler_static_works_CXX=no
lt_cv_prog_gnu_ld=no
lt_cv_prog_gnu_ldcxx=no
lt_cv_sharedlib_from_linklib_cmd='printf %s\n'
lt_cv_sys_global_symbol_pipe='sed -n -e '\''s/^.*[	 ]\([BCDEGRST][BCDEGRST]*\)[	 ][	 ]*_\([_A-Za-z][_A-Za-z0-9]*\)$/\1 _\2 \2/p'\'' | sed '\''/ __gnu_lto/d'\'''
lt_cv_sys_global_symbol_to_c_name_address='sed -n -e '\''s/^: \(.*\) .*$/  {"\1", (void *) 0},/p'\'' -e '\''s/^[BCDEGRST][BCDEGRST]* .* \(.*\)$/  {"\1", (void *) \&\1},/p'\'''
lt_cv_sys_global_symbol_to_c_name_address_lib_prefix='sed -n -e '\''s/^: \(.*\) .*$/  {"\1", (void *) 0},/p'\'' -e '\''s/^[BCDEGRST][BCDEGRST]* .* \(lib.*\)$/  {"\1", (void *) \&\1},/p'\'' -e '\''s/^[BCDEGRST][BCDEGRST]* .* \(.*\)$/  {"lib\1", (void *) \&\1},/p'\'''
lt_cv_sys_global_symbol_to_cdecl='sed -n -e '\''s/^T .* \(.*\)$/extern int \1();/p'\'' -e '\''s/^[BCDEGRST][BCDEGRST]* .* \(.*\)$/extern char \1;/p'\'''
lt_cv_sys_global_symbol_to_import=
lt_cv_sys_max_cmd_len=196608
lt_cv_to_host_file_cmd=func_convert_file_noop
lt_cv_to_tool_file_cmd=func_convert_file_noop
lt_cv_truncate_bin='/bin/dd bs=4096 count=1'

## ----------------- ##
## Output variables. ##
## ----------------- ##

ACLOCAL='${SHELL} /Users/hrbrmstr/packages/ssdeepr/src/lib/ssdeep-2.14.1/missing aclocal-1.16'
AMDEPBACKSLASH='\'
AMDEP_FALSE='#'
AMDEP_TRUE=''
AMTAR='$${TAR-tar}'
AM_BACKSLASH='\'
AM_DEFAULT_V='$(AM_DEFAULT_VERBOSITY)'
AM_DEFAULT_VERBOSITY='1'
AM_V='$(V)'
AR='ar'
AS='as'
AUTOCONF='${SHELL} /Users/hrbrmstr/packages/ssdeepr/src/lib/ssdeep-2.14.1/missing autoconf'
AUTOHEADER='${SHELL} /Users/hrbrmstr/packages/ssdeepr/src/lib/ssdeep-2.14.1/missing autoheader'
AUTOMAKE='${SHELL} /Users/hrbrmstr/packages/ssdeepr/src/lib/ssdeep-2.14.1/missing automake-1.16'
AWK='awk'
CC='gcc'
CCDEPMODE='depmode=gcc3'
CFLAGS='-g -O2'
CPP='gcc -E'
CPPFLAGS='-I/usr/local/include '
CXX='g++'
CXXCPP='g++ -E'
CXXDEPMODE='depmode=gcc3'
CXXFLAGS='-g -O2'
CYGPATH_W='echo'
DEFS='-DHAVE_CONFIG_H'
DEPDIR='.deps'
DLLTOOL='dlltool'
DSYMUTIL='dsymutil'
DUMPBIN=''
ECHO_C='\c'
ECHO_N=''
ECHO_T=''
EGREP='/usr/bin/grep -E'
EXEEXT=''
FGREP='/usr/bin/grep -F'
GREP='/usr/bin/grep'
INSTALL_DATA='${INSTALL} -m 644'
INSTALL_PROGRAM='${INSTALL}'
INSTALL_SCRIPT='${INSTALL}'
INSTALL_STRIP_PROGRAM='$(install_sh) -c -s'
LD='/Applications/Xcode.app/Contents/Developer/Toolchains/XcodeDefault.xctoolchain/usr/bin/ld'
LDFLAGS='-L/usr/local/lib '
LIBOBJS=''
LIBS=''
LIBTOOL='$(SHELL) $(top_builddir)/libtool'
LIPO='lipo'
LN_S='ln -s'
LTLIBOBJS=''
LT_SYS_LIBRARY_PATH=''
MAKEINFO='${SHELL} /Users/hrbrmstr/packages/ssdeepr/src/lib/ssdeep-2.14.1/missing makeinfo'
MANIFEST_TOOL=':'
MKDIR_P='./install-sh -c -d'
NM='/usr/bin/nm -B'
NMEDIT='nmedit'
OBJDUMP='objdump'
OBJEXT='o'
OTOOL64=':'
OTOOL='otool'
PACKAGE='ssdeep'
PACKAGE_BUGREPORT='floss_ssdeep@irq.a4lg.com'
PACKAGE_NAME='ssdeep'
PACKAGE_STRING='ssdeep 2.14.1'
PACKAGE_TARNAME='ssdeep'
PACKAGE_URL=''
PACKAGE_VERSION='2.14.1'
PATH_SEPARATOR=':'
RANLIB='ranlib'
SED='/usr/bin/sed'
SET_MAKE=''
SHELL='/bin/sh'
STRIP='strip'
VERSION='2.14.1'
ac_ct_AR='ar'
ac_ct_CC='gcc'
ac_ct_CXX='g++'
ac_ct_DUMPBIN=''
am__EXEEXT_FALSE=''
am__EXEEXT_TRUE='#'
am__fastdepCC_FALSE='#'
am__fastdepCC_TRUE=''
am__fastdepCXX_FALSE='#'
am__fastdepCXX_TRUE=''
am__include='include'
am__isrc=''
am__leading_dot='.'
am__nodep='_no'
am__quote=''
am__tar='$${TAR-tar} chof - "$$tardir"'
am__untar='$${TAR-tar} xf -'
bindir='${exec_prefix}/bin'
build='x86_64-apple-darwin19.4.0'
build_alias=''
build_cpu='x86_64'
build_os='darwin19.4.0'
build_vendor='apple'
datadir='${datarootdir}'
datarootdir='${prefix}/share'
docdir='${datarootdir}/doc/${PACKAGE_TARNAME}'
dvidir='${docdir}'
exec_prefix='${prefix}'
host='x86_64-apple-darwin19.4.0'
host_alias=''
host_cpu='x86_64'
host_os='darwin19.4.0'
host_vendor='apple'
htmldir='${docdir}'
includedir='${prefix}/include'
infodir='${datarootdir}/info'
install_sh='${SHELL} /Users/hrbrmstr/packages/ssdeepr/src/lib/ssdeep-2.14.1/install-sh'
libdir='${exec_prefix}/lib'
libexecdir='${exec_prefix}/libexec'
localedir='${datarootdir}/locale'
localstatedir='${prefix}/var'
mandir='${datarootdir}/man'
mkdir_p='$(MKDIR_P)'
oldincludedir='/usr/include'
pdfdir='${docdir}'
prefix='/usr/local'
program_transform_name='s,x,x,'
psdir='${docdir}'
sbindir='${exec_prefix}/sbin'
sharedstatedir='${prefix}/com'
sysconfdir='${prefix}/etc'
target_alias=''

## ----------- ##
## confdefs.h. ##
## ----------- ##

/* confdefs.h */
#define PACKAGE_NAME "ssdeep"
#define PACKAGE_TARNAME "ssdeep"
#define PACKAGE_VERSION "2.14.1"
#define PACKAGE_STRING "ssdeep 2.14.1"
#define PACKAGE_BUGREPORT "floss_ssdeep@irq.a4lg.com"
#define PACKAGE_URL ""
#define PACKAGE "ssdeep"
#define VERSION "2.14.1"
#define STDC_HEADERS 1
#define HAVE_SYS_TYPES_H 1
#define HAVE_SYS_STAT_H 1
#define HAVE_STDLIB_H 1
#define HAVE_STRING_H 1
#define HAVE_MEMORY_H 1
#define HAVE_STRINGS_H 1
#define HAVE_INTTYPES_H 1
#define HAVE_STDINT_H 1
#define HAVE_UNISTD_H 1
#define HAVE_DLFCN_H 1
#define LT_OBJDIR ".libs/"
#define HAVE_LIBGEN_H 1
#define HAVE_DIRENT_H 1
#define HAVE_INTTYPES_H 1
#define HAVE_FCNTL_H 1
#define HAVE_SYS_TYPES_H 1
#define HAVE_SYS_IOCTL_H 1
#define HAVE_SYS_PARAM_H 1
#define HAVE_WCHAR_H 1
#define HAVE_UNISTD_H 1
#define HAVE_SYS_STAT_H 1
#define HAVE_SYS_DISK_H 1
#define HAVE_SYS_MOUNT_H 1
#define HAVE_FSEEKO 1

configure: exit 0
